[    0.000000] Initialiing cgroup subss cpuset
[    0.000000] Initializing cgroup subsys cpu
[    0.000000] Initializing cgroup subsys cpuacct
[    0.000000] Linux version 4.4.0-137-generic (buildd@gw011-amd64-037) (gcc version 5.4.0 20160609 (Ubuntu 5.4.0-6ubuntu1~16.0410) ) #163-Ubuntu SMP Mon Se 24 13:14:43 UTC 018 Ubuu 4.4.0-137.163-generic 4.4.144)
[    0.000000] Command line: OOT_IMAGE=/boot/vmlinuz-4.4.0-137-generic root=LABEL=cloudimg-rootfs ro consle=tty1 console=ttyS0
[    .000000] KERNEL supported cpus:
[    0.000000]   Intel GenuineIntel
[    0.000000]   AMD AuthenticAMD
[    0.000000]   Centaur CentaurHauls
[   0.000000] x8/fpu: xstate_offset[2]:  576, xstate_sizes[2]:  256
[    0.000000] x/fpu: Spporting XSAVE featre 0x1: 'x87 floatng point registers'
[    0.000000] x86/fpu: Supportng XAVE feature 0x02: 'SSE rgisters'
[    0.00000] x86/fpu: Suportin XSAVE feature 0x04: 'AVX registers'
[    0.000000]x86/fu: Enabled xstate features 0x7, context size is 832 bytes, using 'standard' format.
[    0.000000] e820: BIOS-provided physical RAM map:
[    0.000000] BIOS-e820: [mem 0x0000000000000000-0x000000000009fbff] usable
[    0.000000] BIOS-e820: [mem 0x000000000009fc00-0x000000000009ffff] reserved
[    0.000000] BIOS-e820: [mem 0x00000000000f0000-0x00000000000ffff] reserved
    0.00000] BIOS-e820: [mem 0x0000000000100000-0x00000003ffeffff usale
[    0.000000] BIOS-e820: [mem 0x000000003fff0000-0x00000000fffffff] ACPI data
[    0.000000] BIOS-e820: [mem 0x00000000fec00000-0x00000000fec00fff] reserved
[    0.000000 BIOS-e820: [mm 0x00000000fee00000-0x0000000fee00fff] reservd
[    0.000000] BIOS-e820: [mem 0x00000000fffc0000-0x00000000ffffffff] reserved
[   0.000000] NX (Excute Disble) protection: active
[    0.000000] SMIOS 2.5 present.
[    0.000000] Hypervisor detected: KVM
[    0.000000] e820: last_pfn = 0x3fff0 max_arch_pfn = 0x400000000
[    0.000000] MTRR: Disabled
[    0.000000] x86/PAT: MTRRs disabled, skipping PAT initialization too.
[    0.000000] CPU MTRRs all blank - virtualized system.
[    0.000000] x86/PAT: Configuration [0-7]: WB  WT  UC- UC  WB  WT  UC- UC  
[    0.00000] found SMP M-table at [mem 0x0009fff0-0x0009fff] mapped at [ffff88000009fff0]
[    0.000000] Scanning 1 areas for low memory corruption
[    0.000000] RAMDISK: [mem 0x3630e000-0x3717efff]
[  0.000000] ACPI: Early table checksum verification disabled
[    0.000000] ACPI: RSDP 0x00000000000E0000 000024 (v02 VBOX  )
[    0.000000] ACPI XSDT 0x000000003FFF0030 00003C (v01 VBOX   VBOXXSDT 00000001 ASL  00000061)
[    0.00000] ACPI: FACP 0x000000003FFF00F0 000F4 (v04 VBOX   VBOXFACP 00000001 ASL  00000061)
[    0.000000] ACPI: DSDT 0x000000003FFF0470 0021FF (v02 VBOX   VBOXBIOS 00000002 INTL 20100528)
[    0.000000] ACPI: FACS 0x000000003FF0200 000040
[    0.000000 ACPI: ACS 0x000000003FFF0200 000040
[    0.000000] API: APIC 0x000000003FFF0240 00005C (v02 VBOX   VBOXAPIC 00000001ASL  00000061)
[    0.000000] ACPI: SSDT 0x000000003FFF02A0 0001CC (v01 VBOX   VBOXCPUT 00000002 INTL20100528)
[    0.000000] No NUMA configration found
[    0.00000] Faking a node at[mem 0x0000000000000000-0x000000003ffeffff]
[   0.000000] NODE_DATA(0) alocated [me 0x3ffeb000-0x3feffff
[    0.000000] kvm-clock: Usin msrs 4b564d01 and 4b564d00
[    .00000] kvm-clock: cpu 0, msr 0:3ffe3001, primary cpu clock
[    0.000000] kvm-clock:using sched offset of 3840075727 cycles
[    0.000000] clocksource: kvm-clock: mask: 0xffffffffffffffff max_cycles: 0x1c42e4dffb, max_dle_ns: 881590591483 ns
[    0.000000] Zone ranges
[    0.00000]   DMA      [mem x0000000000001000-0x0000000000ffffff][    0.00000]   DMA32    [mem 0x000000001000000-0000000003ffeffff]
[    0.000000]   Normal   empty
[    0.000000]   Device   empty
[    .000000] Movble zone start for each node
[    .000000] Early memory node ranges
[    0.000000]   node   0: [mem 0x0000000000001000-0x000000000009efff]
[    0.000000]   node   0: [mem 0x0000000000100000-0x000000003ffeffff]
[    0.000000] Initmem setup node 0 [mem 0x0000000000001000-0x000000003ffeffff]
[    0.000000] ACPI: PM-Timer IO Port: 0x4008
[    0.000000] IOAPIC[0]: apic_id 2, version 32, address 0xfec00000, GSI 0-23
[    0.000000] ACPI: INT_SRC_OVR (bus 0 bus_irq 0 global_irq 2 dfl dfl)
[    0.000000] ACPI: INT_SRC_OVR (bus 0 bus_irq 9 global_irq 9 low level)
[    0.000000] Using ACPI (MADT) for SMP configuration information
[    0.000000] smpboot: Allowing 2 CPUs, 0 hotplug CPUs
[    0.000000] PM: Registered nosave memory: [mem 0x00000000-0x00000fff]
[    0.000000] PM: Registered nosave memory: [mem 0x0009f000-0x0009ffff]
[    0.000000] PM: Registered nosave memory: [mem 0x000a0000-0x000effff]
[    0.000000] PM: Registered nosave memory: [mem 0x000f0000-0x000fffff]
[    0.000000] e820: [mem 0x40000000-0xfebfffff] available for PCI devices
[    0.000000] Booting paravirtualized kernel on KVM
[    0.000000] clocksource: refined-jiffies: mask: 0xffffffff max_cycles: 0xffffffff, max_idle_ns: 7645519600211568 ns
[    0.000000] setup_percpu: NR_CPUS:512 nr_cpumask_bits:512 nr_cpu_ids:2 nr_node_ids:1
[    0.000000] PERCPU: Embedded 34 pages/cpu @ffff88003fc00000 s99608 r8192 d31464 u1048576
[    0.000000] PV qspinlock hash table entries: 256 (order: 0, 4096 bytes)
[    0.000000] Built 1 zonelists in Node order, mobility grouping on.  Total pages: 257912
[    0.000000] Policy zone: DMA32
[    0.000000] Kernel command line: BOOT_IMAGE=/boot/vmlinuz-4.4.0-137-generic root=LABEL=cloudimg-rootfs ro console=tty1 console=ttyS0
[    0.000000] PID hash table entries: 4096 (order: 3, 32768 bytes)
[    0.000000] Memory: 997716K/1048120K available (8555K kernel code, 1314K rwdata, 4004K rodata, 1528K init, 1316K bss, 50404K reserved, 0K cma-reserved)
[    0.000000] SLUB: HWalign=64, Order=0-3, MinObjects=0, CPUs=2, Nodes=1
[    0.000000] Kernel/User page tables isolation: enabled
[    0.000000] Hierarchical RCU implementation.
[    0.000000] 	Build-time adjustment of leaf fanout to 64.
[    0.000000] 	RCU restricting CPUs from NR_CPUS=512 to nr_cpu_ids=2.
[    0.000000] RCU: Adjusting geometry for rcu_fanout_leaf=64, nr_cpu_ids=2
[    0.000000] NR_IRQS:33024 nr_irqs:440 16
[    0.000000] Console: colour VGA+ 80x25
[    0.000000] console [tty1] enabled
[    0.000000] console [ttyS0] enabled
[    0.000000] tsc: Detected 1600.000 MHz processor
[    1.870906] Calibrating delay loop (skipped) preset value.. 3200.00 BogoMIPS (lpj=6400000)
[    1.873815] pid_max: default: 32768 minimum: 301
[    1.875819] ACPI: Core revision 20150930
[    1.878446] ACPI: 2 ACPI AML tables successfully acquired and loaded
[    1.880729] Security Framework initialized
[    1.882116] Yama: becoming mindful.
[    1.883328] AppArmor: AppArmor initialized
[    1.890730] Dentry cache hash table entries: 131072 (order: 8, 1048576 bytes)
[    1.900019] Inode-cache hash table entries: 65536 (order: 7, 524288 bytes)
[    1.906945] Mount-cache hash table entries: 2048 (order: 2, 16384 bytes)
[    1.918090] Mountpoint-cache hash table entries: 2048 (order: 2, 16384 bytes)
[    1.923101] Initializing cgroup subsys io
[    1.926583] Initializing cgroup subsys memory
[    1.934846] Initializing cgroup subsys devices
[    1.942897] Initializing cgroup subsys freezer
[    1.950748] Initializing cgroup subsys net_cls
[    1.959819] Initializing cgroup subsys perf_event
[    1.966026] Initializing cgroup subsys net_prio
[    1.968134] Initializing cgroup subsys hugetlb
[    1.974308] Initializing cgroup subsys pids
[    1.978769] mce: CPU supports 0 MCE banks
[    1.990450] Last level iTLB entries: 4KB 64, 2MB 8, 4MB 8
[    2.003991] Last level dTLB entries: 4KB 64, 2MB 0, 4MB 0, 1GB 4
[    2.008844] Spectre V2 : Mitigation: Full generic retpoline
[    2.015220] Spectre V2 : Spectre v2 mitigation: Speculation control IBPB not-supported IBRS not-supported
[    2.034370] Spectre V2 : Spectre v2 / SpectreRSB mitigation: Filling RSB on context switch
[    2.039586] Speculative Store Bypass: Vulnerable
[    2.044134] Freeing SMP alternatives memory: 32K
[    2.056326] ftrace: allocating 32265 entries in 127 pages
[    2.121686] smpboot: APIC(0) Converting physical 0 to logical package 0
[    2.124656] smpboot: Max logical packages: 1
[    2.126907] x2apic enabled
[    2.128537] Switched APIC routing to physical x2apic.
[    2.132165] ..TIMER: vector=0x30 apic1=0 pin1=2 apic2=-1 pin2=-1
[    2.241737] smpboot: CPU0: Intel(R) Core(TM) i5-5250U CPU @ 1.60GHz (family: 0x6, model: 0x3d, stepping: 0x4)
[    2.257945] Performance Events: unsupported p6 CPU model 61 no PMU driver, software events only.
[    2.265130] KVM setup paravirtual spinlock
[    2.268461] x86: Booting SMP configuration:
[    2.276740] .... node  #0, CPUs:      #1
[    2.284843] kvm-clock: cpu 1, msr 0:3ffe3041, secondary cpu clock
[    2.288113] mce: CPU supports 0 MCE banks
[    2.291496] x86: Booted up 1 node, 2 CPUs
[    2.298428] smpboot: Total of 2 processors activated (6400.00 BogoMIPS)
[    2.302188] devtmpfs: initialized
[    2.305475] evm: security.selinux
[    2.309479] evm: security.SMACK64
[    2.316935] evm: security.SMACK64EXEC
[    2.318770] evm: security.SMACK64TRANSMUTE
[    2.327968] evm: security.SMACK64MMAP
[    2.333662] evm: security.ima
[    2.337534] evm: security.capability
[    2.339750] clocksource: jiffies: mask: 0xffffffff max_cycles: 0xffffffff, max_idle_ns: 7645041785100000 ns
[    2.345661] futex hash table entries: 512 (order: 3, 32768 bytes)
[    2.357716] pinctrl core: initialized pinctrl subsystem
[    2.360681] RTC time: 14:34:42, date: 10/29/18
[    2.364137] NET: Registered protocol family 16
[    2.383432] cpuidle: using governor ladder
[    2.402965] cpuidle: using governor menu
[    2.416269] PCCT header not found.
[    2.418545] ACPI: bus type PCI registered
[    2.420585] acpiphp: ACPI Hot Plug PCI Controller Driver version: 0.5
[    2.427819] PCI: Using configuration type 1 for base access
[    2.444202] ACPI: Added _OSI(Module Device)
[    2.449368] ACPI: Added _OSI(Processor Device)
[    2.460964] ACPI: Added _OSI(3.0 _SCP Extensions)
[    2.465598] ACPI: Added _OSI(Processor Aggregator Device)
[    2.474475] ACPI: Executed 1 blocks of module-level executable AML code
[    2.485513] ACPI: Interpreter enabled
[    2.489206] ACPI: (supports S0 S5)
[    2.490685] ACPI: Using IOAPIC for interrupt routing
[    2.494266] PCI: Using host bridge windows from ACPI; if necessary, use "pci=nocrs" and report a bug
[    2.503438] ACPI: PCI Root Bridge [PCI0] (domain 0000 [bus 00-ff])
[    2.509325] acpi PNP0A03:00: _OSC: OS supports [ASPM ClockPM Segments MSI]
[    2.514587] acpi PNP0A03:00: _OSC: not requesting OS control; OS requires [ExtendedConfig ASPM ClockPM MSI]
[    2.527304] acpi PNP0A03:00: fail to add MMCONFIG information, can't access extended PCI configuration space under this bridge.
[    2.533226] PCI host bridge to bus 0000:00
[    2.535106] pci_bus 0000:00: root bus resource [io  0x0000-0x0cf7 window]
[    2.538962] pci_bus 0000:00: root bus resource [io  0x0d00-0xffff window]
[    2.546640] pci_bus 0000:00: root bus resource [mem 0x000a0000-0x000bffff window]
[    2.553917] pci_bus 0000:00: root bus resource [mem 0x40000000-0xfdffffff window]
[    2.561611] pci_bus 0000:00: root bus resource [bus 00-ff]
[    2.567331] pci 0000:00:01.1: legacy IDE quirk: reg 0x10: [io  0x01f0-0x01f7]
[    2.572770] pci 0000:00:01.1: legacy IDE quirk: reg 0x14: [io  0x03f6]
[    2.579245] pci 0000:00:01.1: legacy IDE quirk: reg 0x18: [io  0x0170-0x0177]
[    2.582298] pci 0000:00:01.1: legacy IDE quirk: reg 0x1c: [io  0x0376]
[    2.623731] pci 0000:00:07.0: quirk: [io  0x4000-0x403f] claimed by PIIX4 ACPI
[    2.631892] pci 0000:00:07.0: quirk: [io  0x4100-0x410f] claimed by PIIX4 SMB
[    2.652658] ACPI: PCI Interrupt Link [LNKA] (IRQs 5 9 10 *11)
[    2.660433] ACPI: PCI Interrupt Link [LNKB] (IRQs 5 9 *10 11)
[    2.666256] ACPI: PCI Interrupt Link [LNKC] (IRQs 5 *9 10 11)
[    2.677515] ACPI: PCI Interrupt Link [LNKD] (IRQs 5 9 10 *11)
[    2.682406] ACPI: Enabled 2 GPEs in block 00 to 07
[    2.685885] vgaarb: setting as boot device: PCI:0000:00:02.0
[    2.688615] vgaarb: device added: PCI:0000:00:02.0,decodes=io+mem,owns=io+mem,locks=none
[    2.691491] vgaarb: loaded
[    2.692555] vgaarb: bridge control possible 0000:00:02.0
[    2.694488] SCSI subsystem initialized
[    2.696046] ACPI: bus type USB registered
[    2.697525] usbcore: registered new interface driver usbfs
[    2.699376] usbcore: registered new interface driver hub
[    2.712958] usbcore: registered new device driver usb
[    2.721108] PCI: Using ACPI for IRQ routing
[    2.726620] NetLabel: Initializing
[    2.729644] NetLabel:  domain hash size = 128
[    2.737373] NetLabel:  protocols = UNLABELED CIPSOv4
[    2.743474] NetLabel:  unlabeled traffic allowed by default
[    2.747112] amd_nb: Cannot enumerate AMD northbridges
[    2.752147] clocksource: Switched to clocksource kvm-clock
[    2.764246] AppArmor: AppArmor Fiesyste Enabled
[    2.828154] pnp: PnP ACPI init
[    2.830947] pnp: PnP ACPI: found 3 devices

[    2.846668] clocksource: acpi_pm: mask: 0xffffff max_ccles: 0xfffff, max_idle_ns:208571024 ns
[    2.950848] ET: Registered protocol family 2

[    2.978534] TCP established hash table entries: 8192 (order: 4, 65536 bytes)
[    2.98245 TCP bind hash table entries: 8192 (order: 5, 131072 bytes)
[    3.035324] TCP: Hashtables configurd (esablished 8192bind 8192)
[    3.151362] UDP hash table entries: 512 (order: 2, 16384 bytes)
[    3.159169] UDP-Lite has table etries: 512 (order: 2, 16384 bytes)
[    3.213500] NET:Regitered protocol famly 1
[    3.291610] pci 0000:00:00.0: Limiting direct PCI/PCI transfers
[    3.293846] pci 0000:00:01.0: Activating ISA DMA hang workarounds
[    3.296911] Unpackig initramfs...

[    3.642811] Freeing initrd memory: 14788K
[    3.644928] RAPL PMU detected, API unit is 2^-32 Joules, 4 fixed counters 10737418240 ms ovfl timer
[    3.650638] hw unit of domain pp0-core 2^-0 Joules
[    3.652931] hw unit of domain package 2^-0 Joules
[    3.657164] hw unit of domain dram 2^-0 Joules
[    3.667729] hw unit of domain pp1-gpu 2^-0 Joules
[    3.682170] platform rtc_cmos: registered platform RTC device (no PNP device found)
[    3.698056] Scanning for low memory corruption every 60 seconds
[    3.731873] audit: initializing netlink subsys (disabled)
[    3.738393] audit: type=2000 audit(1540823686.709:1): initialized
[    3.750498] Initialise system trusted keyring
[    3.755428] HugeTLB registered 2 MB page size, pre-allocated 0 pages
[    3.763266] zbud: loaded
[    3.776043] VFS: Disk quotas dquot_6.6.0
[    3.785654] VFS: Dquot-cache hash table entries: 512 (order 0, 4096 bytes)
[    3.814549] squashfs: version 4.0 (2009/01/31) Phillip Lougher
[    3.820599] fuse init (API version 7.23)
[    3.829121] Key type big_key registered
[    3.834246] Allocating IMA MOK and blacklist keyrings.
[    3.847969] Key type asymmetric registered
[    3.849556] Asymmetric key parser 'x509' registered
[    3.852135] Block layer SCSI generic (bsg) driver version 0.4 loaded (major 249)
[    3.854982] io scheduler noop registered
[    3.856348] io scheduler deadline registered (default)
[    3.858111] io scheduler cfq registered
[    3.859510] pci_hotplug: PCI Hot Plug PCI Core version: 0.5
[    3.861377] pciehp: PCI Express Hot Plug Controller Driver version: 0.4
[    3.863757] ACPI: AC Adapter [AC] (off-line)
[    3.865323] input: Power Button as /devices/LNXSYSTM:00/LNXPWRBN:00/input/input0
[    3.868583] ACPI: Power Button [PWRF]
[    3.870111] input: Sleep Button as /devices/LNXSYSTM:00/LNXSLPBN:00/input/input1
[    3.872608] ACPI: Sleep Button [SLPF]
[    3.876410] ACPI: Battery Slot [BAT0] (battery present)
[    3.878267] GHES: HEST is not enabled!
[    3.879768] Serial: 8250/16550 driver, 32 ports, IRQ sharing enabled
[    3.906551] 00:02: ttyS0 at I/O 0x3f8 (irq = 4, base_baud = 115200) is a 16550A
[    3.913323] Linux agpgart interface v0.103
[    3.927715] loop: module loaded
[    3.930238] scsi host0: ata_piix
[    3.946790] scsi host1: ata_piix
[    3.950704] ata1: PATA max UDMA/33 cmd 0x1f0 ctl 0x3f6 bmdma 0xd000 irq 14
[    3.961890] ata2: PATA max UDMA/33 cmd 0x170 ctl 0x376 bmdma 0xd008 irq 15
[    3.964809] libphy: Fixed MDIO Bus: probed
[    3.967411] tun: Universal TUN/TAP device driver, 1.6
[    3.976021] tun: (C) 1999-2004 Max Krasnyansky <maxk@qualcomm.com>
[    3.988048] PPP generic driver version 2.4.2
[    4.001130] ehci_hcd: USB 2.0 'Enhanced' Host Controller (EHCI) Driver
[    4.010320] ehci-pci: EHCI PCI platform driver
[    4.012213] ehci-platform: EHCI generic platform driver
[    4.020375] ohci_hcd: USB 1.1 'Open' Host Controller (OHCI) Driver
[    4.035588] ohci-pci: OHCI PCI platform driver
[    4.038632] ohci-platform: OHCI generic platform driver
[    4.050212] uhci_hcd: USB Universal Host Controller Interface driver
[    4.054637] i8042: PNP: PS/2 Controller [PNP0303:PS2K,PNP0f03:PS2M] at 0x60,0x64 irq 1,12
[    4.067727] serio: i8042 KBD port at 0x60,0x64 irq 1
[    4.075835] serio: i8042 AUX port at 0x60,0x64 irq 12
[    4.079581] mousedev: PS/2 mouse device common for all mice
[    4.082940] input: AT Translated Set 2 keyboard as /devices/platform/i8042/serio0/input/input2
[    4.091060] rtc_cmos rtc_cmos: rtc core: registered rtc_cmos as rtc0
[    4.111209] rtc_cmos rtc_cmos: alarms up to one day, 114 ytes nvram

[    4.140385] i2c /dev entries driver
[    4.145417] device-mapper: uevent: version 1.0.3
[    4.153825] device-mapper: ioctl: 4.34.0-ioctl (2015-10-28) initialised: dm-devel@redhat.com
[    4.157627] ledtrig-cpu: registered to indicate activity on CPUs
[    4.160516] NET: Registered protocol family 10
[    4.162310] NET: Registered protocol family 17
[    4.163768] Key type dns_resolver registered
[    4.165550] registered taskstats version 1
[    4.167730] Loading compiled-in X.509 certificates
[    4.187008] Loaded X.509 cert 'Build time autogenerated kernel key: 20acc96b50ca7641011eace69d32209215a9b56f'
[    4.202053] zswap: loaded using pool lzo/zbud
[    4.208719] Key type trusted registered
[    4.225950] Key type encrypted registered
[    4.230501] AppArmor: AppArmor sha1 policy hashing enabled
[    4.252573] ima: No TPM chip found, activating TPM-bypass!
[    4.255088] ima: Allocated hash algorithm: sha1
[    4.257088] evm: HMAC attrs: 0x1
[    4.259281]   Magic number: 6:718:587
[    4.260678] rtc_cmos rtc_cmos: setting system clock to 2018-10-29 14:34:44 UTC (1540823684)
[    4.263518] BIOS EDD facility v0.16 2004-Jun-25, 0 devices found
[    4.265506] EDD information not available.
[    4.286374] Freeing unused kernel memory: 1528K
[    4.312971] Write protecting the kernel read-only data: 14336k
[    4.318086] Freeing unused kernel memory: 1672K
[    4.328617] Freeing unused kernel memory: 92K
Loading, please wait...
starting version 229
[    4.349904] random: systemd-udevd: uninitialized urandom read (16 bytes read, 5 bits of entropy available)
[    4.350983] random: udevadm: uninitialized urandom read (16 bytes read, 5 bits of entropy available)
[    4.351007] random: udevadm: uninitialized urandom read (16 bytes read, 5 bits of entropy available)
[    4.360121] random: udevadm: uninitialized urandom read (16 bytes read, 5 bits of entropy available)
[    4.360174] random: udevadm: uninitialized urandom read (16 bytes read, 5 bits of entropy available)
[    4.360384] random: udevadm: uninitialized urandom read (16 bytes read, 5 bits of entropy available)
[    4.360437] random: udevadm: uninitialized urandom read (16 bytes read, 5 bits of entropy available)
[    4.360488] random: udevadm: uninitialized urandom read (16 bytes read, 5 bits of entropy available)
[    4.360542] random: udevadm: uninitialized urandom read (16 bytes read, 5 bits of entropy available)
[    4.360591] random: udevadm: uninitialized urandom read (16 bytes read, 5 bits of entropy available)
[    4.479724] Fusion MPT base driver 3.04.20
[    4.481849] Copyright (c) 1999-2008 LSI Corporation
[    4.536886] e1000: Intel(R) PRO/1000 Network Driver - version 7.3.21-k8-NAPI
[    4.559150] e1000: Copyright (c) 1999-2006 Intel Corporation.
[    4.622646] Fusion MPT SPI Host driver 3.04.20
[    4.655014] AVX2 version of gcm_enc/dec engaged.
[    4.660253] AES CTR mode by8 optimization enabled
[    4.680702] tsc: Refined TSC clocksource calibration: 1599.608 MHz
[    4.687195] clocksource: tsc: mask: 0xffffffffffffffff max_cycles: 0x170eb294858, max_idle_ns: 440795227651 ns
[    4.813072] input: ImExPS/2 Generic Explorer Mouse as /devices/platform/i8042/serio1/input/input4
[    5.081878] e1000 0000:00:03.0 eth0: (PCI:33MHz:32-bit) 02:28:89:27:00:51
[    5.085271] e1000 0000:00:03.0 eth0: Intel(R) PRO/1000 Network Connection
[    5.737833] e1000 0000:00:08.0 eth1: (PCI:33MHz:32-bit) 08:00:27:7b:db:83
[    5.740732] e1000 0000:00:08.0 eth1: Intel(R) PRO/1000 Network Connection
[    5.754723] e1000 0000:00:03.0 enp0s3: renamed from eth0
[    5.757464] mptbase: ioc0: Initiating bringup
[    5.768879] e1000 0000:00:08.0 enp0s8: renamed from eth1
[    5.828030] ioc0: LSI53C1030 A0: Capabilities={Initiator}
[    6.785953] scsi host2: ioc0: LSI53C1030 A0, FwRev=00000000h, Ports=1, MaxQ=256, IRQ=20
[    7.156363] scsi 2:0:0:0: Direct-Access     VBOX     HARDDISK         1.0  PQ: 0 ANSI: 5
[    7.810732] scsi target2:0:0: Beginning Domain Validation
[    7.820521] scsi target2:0:0: Domain Validation skipping write tests
[    7.822960] scsi target2:0:0: Ending Domain Validation
[    7.828318] scsi target2:0:0: asynchronous
[    7.842245] scsi 2:0:1:0: Direct-Access     VBOX     HARDDISK         1.0  PQ: 0 ANSI: 5
[    7.850886] scsi target2:0:1: Beginning Domain Validation
[    7.857153] scsi target2:0:1: Domain Validation skipping write tests
[    8.034416] scsi target2:0:1: Ending Domain Validation
[    8.038698] scsi target2:0:1: asynchronous
[    8.164058] sd 2:0:0:0: Attached scsi generic sg0 type 0
[    8.166016] sd 2:0:0:0: [sda] 20971520 512-byte logical blocks: (10.7 GB/10.0 GiB)
[    8.196022] sd 2:0:1:0: [sdb] 20480 512-byte logical blocks: (10.5 MB/10.0 MiB)
[    8.213848] sd 2:0:0:0: [sda] Write Protect is off
[    8.214290] sd 2:0:1:0: [sdb] Write Protect is off
[    8.214443] sd 2:0:1:0: [sdb] Incomplete mode parameter data
[    8.214445] sd 2:0:1:0: [sdb] Assuming drive cache: write through
[    8.269643] sd 2:0:1:0: Attached scsi generic sg1 type 0
[    8.277979] sd 2:0:0:0: [sda] Incomplete mode parameter data
[    8.287538] sd 2:0:0:0: [sda] Assuming drive cache: write through
[    8.291552] sd 2:0:1:0: [sdb] Attached SCSI disk
[    8.320395]  sda: sda1
[    8.340351] sd 2:0:0:0: [sda] Attached SCSI disk
Begin: Loading essential drivers ... [    9.751904] md: linear personality registered for level -1
[    9.757508] md: multipath personality registered for level -4
[    9.769881] md: raid0 personality registered for level 0
[    9.796184] md: raid1 personality registered for level 1
[    9.884262] raid6: sse2x1   gen()  8552 MB/s
[    9.955147] raid6: sse2x1   xor()  6364 MB/s
[   10.025202] raid6: sse2x2   gen() 10125 MB/s
[   10.100649] raid6: sse2x2   xor()  6713 MB/s
[   10.176602] raid6: sse2x4   gen() 11323 MB/s
[   10.264246] raid6: sse2x4   xor()  5068 MB/s
[   10.332351] raid6: avx2x1   gen()  7984 MB/s
[   10.412386] raid6: avx2x2   gen() 18290 MB/s
[   10.480273] raid6: avx2x4   gen() 20434 MB/s
[   10.490088] raid6: using algorithm avx2x4 gen() 20434 MB/s
[   10.504600] raid6: using avx2x2 recovery algorithm
[   10.518493] xor: automatically using best checksumming function:
[   10.560726]    avx       : 24197.000 MB/sec
[   10.567268] async_tx: api initialized (async)
[   10.589755] md: raid6 personality registered for level 6
[   10.592379] md: raid5 personality registered for level 5
[   10.594617] md: raid4 personality registered for level 4
[   10.603804] md: raid10 personality registered for level 10
done.
Begin: Running /scripts/init-premount ... done.
Begin: Mounting root file system ... Begin: Running /scripts/local-top ... done.
Begin: Running /scripts/local-premount ... [   10.648044] Btrfs loaded
Scanning for Btrfs filesystems
done.
Warning: fsck not present, so skipping root file system
[   10.700569] EXT4-fs (sda1): mounted filesystem with ordered data mode. Opts: (null)
done.
Begin: Running /scripts/local-bottom ... done.
Begin: Running /scripts/init-bottom ... done.
[   10.827712] systemd[1]: systemd 229 running in system mode. (+PAM +AUDIT +SELINUX +IMA +APPARMOR +SMACK +SYSVINIT +UTMP +LIBCRYPTSETUP +GCRYPT +GNUTLS +ACL +XZ -LZ4 +SECCOMP +BLKID +ELFUTILS +KMOD -IDN)
[   10.840950] systemd[1]: Detected virtualization oracle.
[   10.854164] systemd[1]: Detected architecture x86-64.

Welcome to [1mUbuntu 16.04.5 LTS[0m!

[   10.864693] systemd[1]: Set hostname to <ubuntu>.
[   10.875319] systemd[1]: Initializing machine ID from random generator.
[   10.877512] systemd[1]: Installed transient /etc/machine-id file.
[   11.031240] systemd[1]: Listening on Journal Socket.
[[0;32m  OK  [0m] Listening on Journal Socket.
[   11.035849] systemd[1]: Listening on Journal Audit Socket.
[[0;32m  OK  [0m] Listening on Journal Audit Socket.
[   11.078520] systemd[1]: Listening on Journal Socket (/dev/log).
[[0;32m  OK  [0m] Listening on Journal Socket (/dev/log).
[   11.101452] systemd[1]: Reached target Encrypted Volumes.
[[0;32m  OK  [0m] Reached target Encrypted Volumes.
[   11.126928] systemd[1]: Created slice User and Session Slice.
[[0;32m  OK  [0m] Created slice User and Session Slice.
[   11.149446] systemd[1]: Started Forward Password Requests to Wall Directory Watch.
[[0;32m  OK  [0m] Started Forward Password Requests to Wall Directory Watch.
[   11.161817] systemd[1]: Listening on udev Kernel Socket.
[[0;32m  OK  [0m] Listening on udev Kernel Socket.
[   11.174020] systemd[1]: Reached target User and Group Name Lookups.
[[0;32m  OK  [0m] Reached target User and Group Name Lookups.
[   11.186814] systemd[1]: Listening on LVM2 metadata daemon socket.
[[0;32m  OK  [0m] Listening on LVM2 metadata daemon socket.
[   11.217428] systemd[1]: Listening on /dev/initctl Compatibility Named Pipe.
[[0;32m  OK  [0m] Listening on /dev/initctl Compatibility Named Pipe.
[   11.225972] systemd[1]: Listening on udev Control Socket.
[[0;32m  OK  [0m] Listening on udev Control Socket.
[   11.239719] systemd[1]: Created slice System Slice.
[[0;32m  OK  [0m] Created slice System Slice.
[   11.273206] systemd[1]: Starting Remount Root and Kernel File Systems...
         Startin[   11.280069] EXT4-fs (sda1): re-mounted. Opts: (null)
g Remount Root and Kernel File Systems...
[   11.317100] systemd[1]: Starting Load Kernel Modules...
         Starting Load Kernel Modules...
[   11.327120] systemd[1]: Mounting POSIX Message Queue File System...
[   11.327140] Loading iSCSI transport class v2.0-870.
         Mountin[   11.339674] iscsi: registered transport (tcp)
g POSIX Message Queue File System...
[   11.343619] systemd[1]: Starting Set console keymap...
         Starting Set console keymap...
[   11.351586] systemd[1]: Mounting Huge Pages File System...
         Mounting Huge Pages File System...
[   11.364958] systemd[1]: Created slice system-serial\x2dgetty.slice.
[[0;32m  OK  [0m] Created slice system-serial\x2dgetty.slice.
[   11.379331] systemd[1]: Listening on Syslog Socket.
[[0;32m  OK  [0m] Listening on Syslog Socket.
[   11.397888] systemd[1]: Reached target Slices.
[[0;32m  OK  [0m] Reached target Slices.
[   11.451709] iscsi: registered transport (iser)
[   11.468716] systemd[1]: Starting Nameserver information manager...
         Starting Nameserver information manager...
[   11.548745] systemd[1]: Starting Journal Service...
         Starting Journal Service...
[   11.561359] systemd[1]: Listening on Device-mapper event daemon FIFOs.
[[0;32m  OK  [0m] Listening on Device-mapper event daemon FIFOs.
[   11.577190] systemd[1]: Starting Monitoring of LVM2 mirrors, snapshots etc. using dmeventd or progress polling...
         Starting Monitoring of LVM2 mirrors... dmeventd or progress polling...
[   11.621618] systemd[1]: Reached target System Time Synchronized.
[[0;32m  OK  [0m] Reached target System Time Synchronized.
[   11.638739] systemd[1]: Listening on LVM2 poll daemon socket.
[[0;32m  OK  [0m] Listening on LVM2 poll daemon socket.
[   11.668639] systemd[1]: Mounting Debug File System...
         Mounting Debug File System...
[   11.676411] systemd[1]: Reached target Swap.
[[0;32m  OK  [0m] Reached target Swap.
[   11.687031] systemd[1]: Started Trigger resolvconf update for networkd DNS.
[[0;32m  OK  [0m] Started Trigger resolvconf update for networkd DNS.
[   11.706740] systemd[1]: Set up automount Arbitrary Executable File Formats File System Automount Point.
[[0;32m  OK  [0m] Set up automount Arbitrary Executab...ats File System Automount Point.
[   11.718261] random: nonblocking pool is initialized
[   11.741278] systemd[1]: Starting Uncomplicated firewall...
         Starting Uncomplicated firewall...
[   11.754941] systemd[1]: Starting Create list of required static device nodes for the current kernel...
         Starting Create list of required st... nodes for the current kernel...
[   11.764648] systemd[1]: Mounted Debug File System.
[[0;32m  OK  [0m] Mounted Debug File System.
[   11.780709] systemd[1]: Mounted POSIX Message Queue File System.
[[0;32m  OK  [0m] Mounted POSIX Message Queue File System.
[   11.817372] systemd[1]: Mounted Huge Pages File System.
[[0;32m  OK  [0m] Mounted Huge Pages File System.
[   11.860849] systemd[1]: Started Journal Service.
[[0;32m  OK  [0m] Started Journal Service.
[[0;32m  OK  [0m] Started Remount Root and Kernel File Systems.
[[0;32m  OK  [0m] Started Load Kernel Modules.
[[0;32m  OK  [0m] Started Set console keymap.
[[0;32m  OK  [0m] Started Uncomplicated firewall.
[[0;32m  OK  [0m] Started Create list of required sta...ce nodes for the current kernel.
[[0;32m  OK  [0m] Started Nameserver information manager.
[[0;32m  OK  [0m] Started LVM2 metadata daemon.
         Starting Create Static Device Nodes in /dev...
         Mounting FUSE Control File System...
         Starting Apply Kernel Variables...
         Starting Load/Save Random Seed...
         Starting udev Coldplug all Devices...
         Starting Flush Journal to Persistent Storage...
[[0;32m  OK  [0m] Mounted FUSE Control File System.
[[0;32m  OK  [0m] Started Create Static Device Nodes in /dev.
[[0;32m  OK  [0m] Started Apply Kernel Variables.
[[0;32m  OK  [0m] Started Load/Save Random Seed.
[[0;32m  OK  [0m] Started udev Coldplug all Devices.
[[0;32m  OK  [0m] Started Flush Journal to Persistent Storage.
         Starting udev Kernel Device Manager...
[[0;32m  OK  [0m] Started udev Kernel Device Manager.
[[0;32m  OK  [0m] Started Dispatch Password Requests to Console Directory Watch.
[[0;32m  OK  [0m] Found device /dev/ttyS0.
[[0;32m  OK  [0m] Listening on Load/Save RF Kill Switch Status /dev/rfkill Watch.
[[0;32m  OK  [0m] Started Monitoring of LVM2 mirrors,...ng dmeventd or progress polling.
[[0;32m  OK  [0m] Reached target Local File Systems (Pre).
[[0;32m  OK  [0m] Reached target Local File Systems.
         Starting LSB: AppArmor initialization...
         Starting Commit a transient machine-id on disk...
         Starting Create Volatile Files and Directories...
         Starting Set console font and keymap...
         Starting Initial cloud-init job (pre-networking)...
         Starting Tell Plymouth To Write Out Runtime Data...
[[0;32m  OK  [0m] Started Commit a transient machine-id on disk.
[[0;32m  OK  [0m] Started Create Volatile Files and Directories.
[[0;32m  OK  [0m] Started Tell Plymouth To Write Out Runtime Data.
         Starting Update UTMP about System Boot/Shutdown...
[[0;32m  OK  [0m] Started Update UTMP about System Boot/Shutdown.
[[0;32m  OK  [0m] Started Set console font and keymap.
[[0;32m  OK  [0m] Created slice system-getty.slice.
[[0;32m  OK  [0m] Started LSB: AppArmor initialization.
[   12.383983] cloud-init[622]: Cloud-init v. 18.3-9-g2e62cb8a-0ubuntu1~16.04.2 running 'init-local' at Mon, 29 Oct 2018 14:34:54 +0000. Up 12.02 seconds.
[[0;32m  OK  [0m] Started Initial cloud-init job (pre-networking).
[[0;32m  OK  [0m] Reached target Network (Pre).
         Starting Raise network interfaces...
[[0;32m  OK  [0m] Started Raise network interfaces.
[[0;32m  OK  [0m] Reached target Network.
         Starting Initial cloud-init job (metadata service crawler)...
[   13.900338] cloud-init[941]: Cloud-init v. 18.3-9-g2e62cb8a-0ubuntu1~16.04.2 running 'init' at Mon, 29 Oct 2018 14:34:55 +0000. Up 13.08 seconds.
[   13.961452] cloud-init[941]: ci-info: +++++++++++++++++++++++++++++++++++++Net device info++++++++++++++++++++++++++++++++++++++
[   13.967699] cloud-init[941]: ci-info: +--------+-------+--------------------------+---------------+--------+-------------------+
[[0;32m  OK  [0m] Started Initial cloud-init job (metadata service crawler).
[   14.039752] cloud-init[941]: ci-info: | Device |   Up  |         Address          |      Mask     | Scope  |     Hw-Address    |
[   14.118112] [[0;32m  OK  [0m] Reached target System Initialization.
         Starting Socket activation for snappy daemon.
cloud-init[941]: ci-info: +--------+-------+--------------------------+---------------+--------+-------------------+
[   14.260489] cloud-init[941]: ci-info: | enp0s3 |  True |        10.0.2.15         | 255.255.255.0 | global | 02:28:89:27:00:51 |
[   14.261255] cloud-init[941]: ci-info: | enp0s3 |  True | fe80::28:89ff:fe27:51/64 |       .       |  link  | 02:28:89:27:00:51 |
[   14.261317] cloud-init[941]: ci-info: | enp0s8 | False |            .             |       .       |   .    | 08:00:27:7b:db:83 |
[   14.261370] cloud-init[941]: ci-info: |   lo   |  True |        127.0.0.1         |   255.0.0.0   |  host  |         .         |
[   14.261420] cloud-init[941]: ci-info: |   lo   |  True |         ::1/128          |       .       |  host  |         .         |
[   14.261469] cloud-init[941]: ci-info: +--------+-------+--------------------------+---------------+--------+-------------------+
[   14.261529] cloud-init[941]: ci-info: +++++++++++++++++++++++++++Route IPv4 info++++++++++++++++++++++++++++
[   14.261580] cloud-init[941]: ci-info: +-------+-------------+----------+---------------+-----------+-------+
[   14.261632] cloud-init[941]: ci-info: | Route | Destination | Gateway  |    Genmask    | Interface | Flags |
[   14.261685] cloud-init[941]: ci-info: +-------+-------------+----------+---------------+-----------+-------+
[   14.261736] cloud-init[941]: ci-info: |   0   |   0.0.0.0   | 10.0.2.2 |    0.0.0.0    |   enp0s3  |   UG  |
[   14.261785] cloud-init[941]: ci-info: |   1   |   10.0.2.0  | 0.0.0.0  | 255.255.255.0 |   enp0s3  |   U   |
[   14.261837] cloud-init[941]: ci-info: +-------+-------------+----------+---------------+-----------+-------+
[   14.261885] cloud-init[941]: ci-info: +++++++++++++++++++Route IPv6 info+++++++++++++++++++
[   14.261937] cloud-init[941]: ci-info: +-------+-------------+---------+-----------+-------+
[   14.261985] cloud-init[941]: ci-info: | Route | Destination | Gateway | Interface | Flags |
[   14.262035] cloud-init[941]: ci-info: +-------+-------------+---------+-----------+-------+
[   14.262087] cloud-init[941]: ci-info: |   0   |  fe80::/64  |    ::   |   enp0s3  |   U   |
[   14.262164] cloud-init[941]: ci-info: |   3   |   ff00::/8  |    ::   |   enp0s3  |   U   |
[   14.262219] cloud-init[941]: ci-info: +-------+-------------+---------+-----------+-------+
[   14.262304] cloud-init[941]: Generating public/private rsa key pair.
[   14.262347] cloud-init[941]: Your identification has been saved in /etc/ssh/ssh_host_rsa_key.
[   14.262386] cloud-init[941]: Your public key has been saved in /etc/ssh/ssh_host_rsa_key.pub.
[   14.262423] cloud-init[941]: The key fingerprint is:
[   14.262459] cloud-init[941]: SHA256:kBu5AY9ZWbQaaQR6EtL2V87VDDoL3fU0HIX/zytNTgU root@ubuntu-xenial
[   14.262497] cloud-init[941]: The key's randomart image is:
[   14.262533] cloud-init[941]: +---[RSA 2048]----+
[   14.262574] cloud-init[941]: |... o.o+o .+..++.|
[   14.262612] cloud-init[941]: | .oo B.=.+..ooE. |
[   14.262648] cloud-init[941]: | .o.+ %+=..   .o |
[   14.262686] cloud-init[941]: |   o...Xoo      o|
[   14.262723] cloud-init[941]: |     .+ S       o|
[   14.262759] cloud-init[941]: |               o.|
[   14.262796] cloud-init[941]: |              =..|
[   14.262833] cloud-init[941]: |             . oo|
[   14.262871] cloud-init[941]: |              ...|
[   14.262910] cloud-init[941]: +----[SHA256]-----+
[   14.262946] cloud-init[941]: Generating public/private dsa key pair.
[   14.262987] cloud-init[941]: Your identification has been saved in /etc/ssh/ssh_host_dsa_key.
[   14.263024] cloud-init[941]: Your public key has been saved in /etc/ssh/ssh_host_dsa_key.pub.
[   14.263062] cloud-init[941]: The key fingerprint is:
[   14.263098] cloud-init[941]: SHA256:+qFfdTtE+I8J2FzL7qvCXIOky/JwBuNNJ3JqLrVnPB0 root@ubuntu-xenial
[   14.263134] cloud-init[941]: The key's randomart image is:
[   14.263172] cloud-init[941]: +---[DSA 1024]----+
[   14.263207] cloud-init[941]: |                 |
[   14.263244] cloud-init[941]: |             .   |
[   14.263284] cloud-init[941]: |            . o  |
[   14.263321] cloud-init[941]: |          .+ = . |
[   14.263359] cloud-init[[0;32m  OK  [0m] Started ACPI Events Check.
[[0;32m  OK  [0m] Reached target Paths.
[[0;32m  OK  [0m] Listening on ACPID Listen Socket.
[[0;32m  OK  [0m] Started Daily apt download activities.
[[0;32m  OK  [0m] Started Daily apt upgrade and clean activities.
[[0;32m  OK  [0m] Started Daily Cleanup of Temporary Directories.
[[0;32m  OK  [0m] Reached target Timers.
[[0;32m  OK  [0m] Listening on D-Bus System Message Bus Socket.
[941]: |      + Soo.= *  |
         Starting LXD - unix socket.
[[0;32m  OK  [0m] Listening on UUID daemon activation socket.
[   15.926904] [[0;32m  OK  [0m] Reached target Cloud-config availability.cloud-init[941]: |     ..X.oE.o= = |
[   16.176436] cloud-init[941]: |     .*+==.o .* .|
[   16.176577] cloud-init[941]: |    .oo*Bo=  . . |
[   16.176646] cloud-init[941]: |     .o*+. ...o. |
[   16.176745] cloud-init[941]: +----[SHA256]-----+
[   16.176806] cloud-init[941]: Generating public/private ecdsa key pair.
[   16.176874] cloud-init[941]: Your identification has been saved in /etc/ssh/ssh_host_ecdsa_key.
[   16.176945] cloud-init[941]: Your public key has been saved in /etc/ssh/ssh_host_ecdsa_key.pub.
[   16.177011] cloud-init[941]: The key fingerprint is:
[   16.177093] cloud-init[941]: SHA256:D9BE/cRsASqK/US8ZGZtYPqZk8Jgjirc3KnGl7ddXNo root@ubuntu-xenial

[   16.183347] cloud-init[941]: The key's randomart image is:
[   16.283239] cloud-init[941]: +---[ECDSA 256]---+
[   16.284028] cloud-init[941]: |      o.o..+..   |
[   16.284079] cloud-init[941]: |     + = .. =    |
[   16.284120] cloud-init[941]: |  o . X =  +     |
[   16.284168] cloud-init[941]: | + = O O    .    |
[[0;32m  OK  [0m] Reached target Network is Online.
[   16.284401] cloud-init[941]: |. o = O S    .   |
[   16.454964]          Starting iSCSI initiator daemon (iscsid)...
[[0;32m  OK  [0m] Listening on Socket activation for snappy daemon.
[cloud-init[0;32m  OK  [0m[941]: ] |o o .+.. o. +    |Listening on LXD - unix socket.

[   16.481274] [[0;32m  OK  [0m] Reached target Sockets.
[[0;32m  OK  [0m] Reached target Basic System.
cloud-init[941]: |o..o oo   .+ E   |
[   16.493741] cloud-init[941]: |.  o.o .. .      |
[   16.502050] cloud-init[941]: |  ... ....       |
[[0;32m  OK  [0m] Started FUSE filesystem for LXC.
[   16.506416] cloud-init[941]: +----[SHA256]-----+
[   16.512817] cloud-init[941]: Generating public/private ed25519 key pair.
[   16.533184] cloud-init[941]: Your identification has been saved in /etc/ssh/ssh_host_ed25519_key.
[   16.556293]          Starting Virtualbox guest utils...
[cloud-init[0;32m  OK  [0m[941]: ] Your public key has been saved in /etc/ssh/ssh_host_ed25519_key.pub.Started Unattended Upgrades Shutdown.

[   16.558542] cloud-init[941]: The key fingerprint is:
[   16.581765] cloud-init[941]: SHA256:OWPh14ycFu085GdQoC1ydNkaOaZqYyzOsGEpM9jE7o8 root@ubuntu-xenial
[   16.603082]          Starting /etc/rc.local Compatibility...
         Starting Login Service...
[[0;32m  OK  [0m] Started Deferred execution scheduler.
cloud-init         Starting Pollinate to seed the pseudo random number generator...
[[0;32m  OK  [0m] Started D-Bus System Message Bus.
[941]: The key's randomart image is:
[   16.628851] cloud-init[941]: +--[ED25519 256]--+
[   16.634813] cloud-init[941]: |          . o=.  |
[   16.637934] cloud-init[941]: |         . =*..  |
[   16.641209] cloud-init[941]: | .      o =o=+   |
[   16.656552] cloud-init[941]: |  o    . *.%..   |
[   16.693482] cloud-init[941]: | =   . .S.* B o  |
[   16.694259] cloud-init[941]: |. * = ..*=   +   |
[   16.696330] cloud-init[941]: | . = * + .       |
[   16.696970]          Starting Accounts Service...
cloud-init[941]: |  ... o          |
[   16.740777] cloud-init[941]: |  E..            |
[   16.742023] cloud-init[941]: +----[SHA256]-----+
         Starting LXD - container startup/shutdown...
         Starting System Logging Service...
         Starting LSB: Record successful boot for GRUB...
[[0;32m  OK  [0m] Started ACPI event daemon.
         Starting LSB: MD monitoring daemon...
[[0;32m  OK  [0m] Started Regular background program processing daemon.
         Starting Snappy daemon...
[[0;32m  OK  [0m] Started System Logging Service.
[[0;32m  OK  [0m] Started /etc/rc.local Compatibility.
[[0;32m  OK  [0m] Started iSCSI initiator daemon (iscsid).
[[0;32m  OK  [0m] Started LXD - container startup/shutdown.
[[0;32m  OK  [0m] Started Login Service.
         Starting Authenticate and Authorize Users to Run Privileged Tasks...
         Starting Login to default iSCSI targets...
[[0;32m  OK  [0m] Started Pollinate to seed the pseudo random number generator.
[[0;32m  OK  [0m] Started LSB: MD monitoring daemon.
[[0;32m  OK  [0m] Started LSB: Record successful boot for GRUB.
[[0;32m  OK  [0m] Started Authenticate and Authorize Users to Run Privileged Tasks.
[[0;32m  OK  [0m] Started Login to default iSCSI targets.
[[0;32m  OK  [0m] Started Accounts Service.
[[0;32m  OK  [0m] Started Virtualbox guest utils.
[[0;32m  OK  [0m] Reached target Remote File Systems (Pre).
[[0;32m  OK  [0m] Reached target Remote File Systems.
         Starting LSB: automatic crash report generation...
         Starting LSB: Set the CPU Frequency Scaling governor to "ondemand"...
         Starting Permit User Sessions...
         Starting LSB: daemon to balance interrupts for SMP systems...
         Starting OpenBSD Secure Shell server...
[[0;32m  OK  [0m] Started Permit User Sessions.
[[0;32m  OK  [0m] Started Snappy daemon.
         Starting Wait until snapd is fully seeded...
         Starting Terminate Plymouth Boot Screen...
         Starting Hold until boot process finishes up...
[[0;32m  OK  [0m] Started OpenBSD Secure Shell server.
[[0;32m  OK  [0m] Started LSB: Set the CPU Frequency Scaling governor to "ondemand".
[[0;32m  OK  [0m] Started Terminate Plymouth Boot Screen.
[[0;32m  OK  [0m] Started Hold until boot process finishes up.
[[0;32m  OK  [0m] Started Getty on tty1.
         Starting Set console scheme...
[[0;32m  OK  [0m] Started Serial Getty on ttyS0.
[[0;32m  OK  [0m] Reached target Login Prompts.
[[0;32m  OK  [0m] Started LSB: automatic crash report generation.
[[0;32m  OK  [0m] Started LSB: daemon to balance interrupts for SMP systems.
[[0;32m  OK  [0m] Started Set console scheme.
[[0;32m  OK  [0m] Created slice User Slice of vagrant.
         Starting User Manager for UID 1000...
[[0;32m  OK  [0m] Started Session 1 of user vagrant.
[[0;32m  OK  [0m] Started User Manager for UID 1000.
[[0;32m  OK  [0m] Started Wait until snapd is fully seeded.
[[0;32m  OK  [0m] Reached target Multi-User System.
[[0;32m  OK  [0m] Reached target Graphical Interface.
         Starting Update UTMP about System Runlevel Changes...
         Starting Apply the settings specified in cloud-config...
[[0;32m  OK  [0m] Started Update UTMP about System Runlevel Changes.
         Stopping User Manager for UID 1000...
[[0;32m  OK  [0m] Stopped User Manager for UID 1000.
[[0;32m  OK  [0m] Removed slice User Slice of vagrant.
[[0;32m  OK  [0m] Created slice User Slice of vagrant.
         Starting User Manager for UID 1000...
[[0;32m  OK  [0m] Started User Manager for UID 1000.
[[0;32m  OK  [0m] Started Session 2 of user vagrant.
[   20.429289] cloud-init[1470]: Generating locales (this might take a while)...
[   21.505972] cloud-init[1470]:   en_US.UTF-8... done
[   21.544693] cloud-init[1470]: Generation complete.
[   22.045632] cloud-init[1470]: Cloud-init v. 18.3-9-g2e62cb8a-0ubuntu1~16.04.2 running 'modules:config' at Mon, 29 Oct 2018 14:35:02 +0000. Up 20.28 seconds.
[[0;32m  OK  [0m] Started Apply the settings specified in cloud-config.
         Starting Execute cloud user/final scripts...
ci-info: no authorized ssh keys fingerprints found for user ubuntu.
<14>Oct 29 14:35:05 ec2: 
<14>Oct 29 14:35:05 ec2: #############################################################
<14>Oct 29 14:35:05 ec2: -----BEGIN SSH HOST KEY FINGERPRINTS-----
<14>Oct 29 14:35:05 ec2: 1024 SHA256:+qFfdTtE+I8J2FzL7qvCXIOky/JwBuNNJ3JqLrVnPB0 root@ubuntu-xenial (DSA)
<14>Oct 29 14:35:05 ec2: 256 SHA256:D9BE/cRsASqK/US8ZGZtYPqZk8Jgjirc3KnGl7ddXNo root@ubuntu-xenial (ECDSA)
<14>Oct 29 14:35:05 ec2: 256 SHA256:OWPh14ycFu085GdQoC1ydNkaOaZqYyzOsGEpM9jE7o8 root@ubuntu-xenial (ED25519)
<14>Oct 29 14:35:05 ec2: 2048 SHA256:kBu5AY9ZWbQaaQR6EtL2V87VDDoL3fU0HIX/zytNTgU root@ubuntu-xenial (RSA)
<14>Oct 29 14:35:05 ec2: -----END SSH HOST KEY FINGERPRINTS-----
<14>Oct 29 14:35:05 ec2: #############################################################
-----BEGIN SSH HOST KEY KEYS-----
ecdsa-sha2-nistp256 AAAAE2VjZHNhLXNoYTItbmlzdHAyNTYAAAAIbmlzdHAyNTYAAABBBA65BMZ3L3l7+DfQc1IPnttJ5vNweSy3LZsNqdjju5VNpjzAXf1vNa3CObATs+ET88pa1UmChYV9kSSAaBL3G+o= root@ubuntu-xenial
ssh-ed25519 AAAAC3NzaC1lZDI1NTE5AAAAIDP2GXRwhw0p0Vn8dS+Lf6tdOovActN+kCDmXLTCmBZV root@ubuntu-xenial
ssh-rsa AAAAB3NzaC1yc2EAAAADAQABAAABAQC7wqDFp0RMKYidFazI6Os5WxTo2FtCBZgdMtL4Vne5YNmB2LGXeSxsOluc4RRKd3w84PWXtYfTt2RAEKWbI2vjxhHLb7jlYvcyeNfDypvwWvHJd3hrc4nXEu/kFjK97VvcMnRXQuhzeGGnHZ5DFbXhsCYhuxiUsGc6ddkXAJ9ixTJxgSBVAGJsJMgia0AauFIIWLRqRAid7cLYqwdn2M5FF9zLYJPXmVseAZtf6MFG5+qZ8pO0ussCyGEM8J4tVjr57mnwwZk1Drxw+plwarfS3w5lc9e+Wju3ZuDLtoD/cYIQzToPb9d/yqOkb4UpWI/gM6jYVzPzt5kP+wDbeZaD root@ubuntu-xenial
-----END SSH HOST KEY KEYS-----
[   23.017606] cloud-init[1696]: Cloud-init v. 18.3-9-g2e62cb8a-0ubuntu1~16.04.2 running 'modules:final' at Mon, 29 Oct 2018 14:35:05 +0000. Up 22.70 seconds.
[   23.018277] cloud-init[1696]: ci-info: no authorized ssh keys fingerprints found for user ubuntu.
[   23.018566] cloud-init[1696]: Cloud-init v. 18.3-9-g2e62cb8a-0ubuntu1~16.04.2 finished at Mon, 29 Oct 2018 14:35:05 +0000. Datasource DataSourceNoCloud [seed=/dev/sdb][dsmode=net].  Up 23.00 seconds

Ubuntu 16.04.5 LTS ubuntu-xenial ttyS0

ubuntu-xenial login: 